c:\users\user\documents\visual studio 2015\projects\game\freetype\objs\vc2010\win32\release multithreaded\autofit.obj
c:\users\user\documents\visual studio 2015\projects\game\freetype\objs\vc2010\win32\release multithreaded\ftwinfnt.obj
c:\users\user\documents\visual studio 2015\projects\game\freetype\objs\vc2010\win32\release multithreaded\ftpatent.obj
c:\users\user\documents\visual studio 2015\projects\game\freetype\objs\vc2010\win32\release multithreaded\ftbitmap.obj
c:\users\user\documents\visual studio 2015\projects\game\freetype\objs\vc2010\win32\release multithreaded\ftfntfmt.obj
c:\users\user\documents\visual studio 2015\projects\game\freetype\objs\vc2010\win32\release multithreaded\fttype1.obj
c:\users\user\documents\visual studio 2015\projects\game\freetype\objs\vc2010\win32\release multithreaded\ftlcdfil.obj
c:\users\user\documents\visual studio 2015\projects\game\freetype\objs\vc2010\win32\release multithreaded\ftfstype.obj
c:\users\user\documents\visual studio 2015\projects\game\freetype\objs\vc2010\win32\release multithreaded\ftstroke.obj
c:\users\user\documents\visual studio 2015\projects\game\freetype\objs\vc2010\win32\release multithreaded\ftpfr.obj
c:\users\user\documents\visual studio 2015\projects\game\freetype\objs\vc2010\win32\release multithreaded\ftgxval.obj
c:\users\user\documents\visual studio 2015\projects\game\freetype\objs\vc2010\win32\release multithreaded\ftgasp.obj
c:\users\user\documents\visual studio 2015\projects\game\freetype\objs\vc2010\win32\release multithreaded\ftbbox.obj
c:\users\user\documents\visual studio 2015\projects\game\freetype\objs\vc2010\win32\release multithreaded\ftsynth.obj
c:\users\user\documents\visual studio 2015\projects\game\freetype\objs\vc2010\win32\release multithreaded\ftotval.obj
c:\users\user\documents\visual studio 2015\projects\game\freetype\objs\vc2010\win32\release multithreaded\ftcache.obj
c:\users\user\documents\visual studio 2015\projects\game\freetype\objs\vc2010\win32\release multithreaded\ftlzw.obj
c:\users\user\documents\visual studio 2015\projects\game\freetype\objs\vc2010\win32\release multithreaded\ftmm.obj
c:\users\user\documents\visual studio 2015\projects\game\freetype\objs\vc2010\win32\release multithreaded\pshinter.obj
c:\users\user\documents\visual studio 2015\projects\game\freetype\objs\vc2010\win32\release multithreaded\raster.obj
c:\users\user\documents\visual studio 2015\projects\game\freetype\objs\vc2010\win32\release multithreaded\type1cid.obj
c:\users\user\documents\visual studio 2015\projects\game\freetype\objs\vc2010\win32\release multithreaded\cff.obj
c:\users\user\documents\visual studio 2015\projects\game\freetype\objs\vc2010\win32\release multithreaded\pcf.obj
c:\users\user\documents\visual studio 2015\projects\game\freetype\objs\vc2010\win32\release multithreaded\psmodule.obj
c:\users\user\documents\visual studio 2015\projects\game\freetype\objs\vc2010\win32\release multithreaded\type1.obj
c:\users\user\documents\visual studio 2015\projects\game\freetype\objs\vc2010\win32\release multithreaded\type42.obj
c:\users\user\documents\visual studio 2015\projects\game\freetype\objs\vc2010\win32\release multithreaded\winfnt.obj
c:\users\user\documents\visual studio 2015\projects\game\freetype\objs\vc2010\win32\release multithreaded\bdf.obj
c:\users\user\documents\visual studio 2015\projects\game\freetype\objs\vc2010\win32\release multithreaded\ftglyph.obj
c:\users\user\documents\visual studio 2015\projects\game\freetype\objs\vc2010\win32\release multithreaded\ftgzip.obj
c:\users\user\documents\visual studio 2015\projects\game\freetype\objs\vc2010\win32\release multithreaded\smooth.obj
c:\users\user\documents\visual studio 2015\projects\game\freetype\objs\vc2010\win32\release multithreaded\psaux.obj
c:\users\user\documents\visual studio 2015\projects\game\freetype\objs\vc2010\win32\release multithreaded\truetype.obj
c:\users\user\documents\visual studio 2015\projects\game\freetype\objs\vc2010\win32\release multithreaded\ftbase.obj
c:\users\user\documents\visual studio 2015\projects\game\freetype\objs\vc2010\win32\release multithreaded\ftinit.obj
c:\users\user\documents\visual studio 2015\projects\game\freetype\objs\vc2010\win32\release multithreaded\ftsystem.obj
c:\users\user\documents\visual studio 2015\projects\game\freetype\objs\vc2010\win32\release multithreaded\pfr.obj
c:\users\user\documents\visual studio 2015\projects\game\freetype\objs\vc2010\win32\release multithreaded\sfnt.obj
c:\users\user\documents\visual studio 2015\projects\game\freetype\objs\vc2010\win32\release multithreaded\ftdebug.obj
c:\users\user\documents\visual studio 2015\projects\game\freetype\objs\vc2010\win32\freetype281mt.lib
c:\users\user\documents\visual studio 2015\projects\game\freetype\objs\vc2010\win32\freetype281mt.exp
c:\users\user\documents\visual studio 2015\projects\game\freetype\objs\vc2010\win32\freetype281mt.ilk
c:\users\user\documents\visual studio 2015\projects\game\freetype\objs\vc2010\win32\freetype281mt.dll
c:\users\user\documents\visual studio 2015\projects\game\freetype\objs\vc2010\win32\freetype281mt.pdb
c:\users\user\documents\visual studio 2015\projects\game\freetype\builds\windows\vc2010\.\..\..\..\objs\vc2010\win32\freetype281mt.dll
c:\users\user\documents\visual studio 2015\projects\game\freetype\objs\vc2010\win32\release multithreaded\freetype.tlog\cl.command.1.tlog
c:\users\user\documents\visual studio 2015\projects\game\freetype\objs\vc2010\win32\release multithreaded\freetype.tlog\cl.read.1.tlog
c:\users\user\documents\visual studio 2015\projects\game\freetype\objs\vc2010\win32\release multithreaded\freetype.tlog\cl.write.1.tlog
c:\users\user\documents\visual studio 2015\projects\game\freetype\objs\vc2010\win32\release multithreaded\freetype.tlog\freetype.write.1u.tlog
c:\users\user\documents\visual studio 2015\projects\game\freetype\objs\vc2010\win32\release multithreaded\freetype.tlog\link.command.1.tlog
c:\users\user\documents\visual studio 2015\projects\game\freetype\objs\vc2010\win32\release multithreaded\freetype.tlog\link.read.1.tlog
c:\users\user\documents\visual studio 2015\projects\game\freetype\objs\vc2010\win32\release multithreaded\freetype.tlog\link.write.1.tlog
