  autofit.c
  ftbitmap.c
  ftfstype.c
  ftgasp.c
  ftstroke.c
  ftbbox.c
  ftfntfmt.c
  ftpfr.c
  ftsynth.c
  fttype1.c
  ftwinfnt.c
  ftlcdfil.c
  ftgxval.c
  ftotval.c
  ftpatent.c
  bdf.c
  cff.c
  ftbase.c
  ftcache.c
c:\users\user\documents\visual studio 2015\projects\game\freetype\src\cff\cffload.c(1371): warning C4244: '=': conversion from 'FT_UInt32' to 'FT_Byte', possible loss of data (compiling source file ..\..\..\src\cff\cff.c)
  ftglyph.c
c:\users\user\documents\visual studio 2015\projects\game\freetype\src\base\ftobjs.c(4999): warning C4702: unreachable code
c:\users\user\documents\visual studio 2015\projects\game\freetype\src\base\ftobjs.c(5000): warning C4702: unreachable code
  ftgzip.c
  ftinit.c
  ftlzw.c
  ftsystem.c
  smooth.c
  ftmm.c
  pcf.c
  pfr.c
  psaux.c
  pshinter.c
  psmodule.c
  raster.c
  sfnt.c
  truetype.c
  type1.c
  type1cid.c
  type42.c
  winfnt.c
  ftdebug.c
     Creating library .\..\..\..\objs\vc2010\Win32\freetype281MT.lib and object .\..\..\..\objs\vc2010\Win32\freetype281MT.exp
  freetype.vcxproj -> C:\Users\User\Documents\Visual Studio 2015\Projects\Game\freetype\builds\windows\vc2010\.\..\..\..\objs\vc2010\Win32\freetype281MT.dll
  freetype.vcxproj -> .\..\..\..\objs\vc2010\Win32\freetype281MT.pdb (Full PDB)
